00:00:00.017126 main     VirtualBox XPCOM Server 6.1.30 r148432 linux.amd64 (Dec 10 2021 19:46:42) release log
00:00:00.017135 main     Log opened 2021-12-18T07:58:29.237377000Z
00:00:00.017136 main     Build Type: release
00:00:00.017139 main     OS Product: Linux
00:00:00.017141 main     OS Release: 5.15.8-arch1-1
00:00:00.017143 main     OS Version: #1 SMP PREEMPT Tue, 14 Dec 2021 12:28:02 +0000
00:00:00.017171 main     DMI Product Name: Pegatron
00:00:00.017192 main     DMI Product Version: 
00:00:00.017202 main     Firmware type: BIOS
00:00:00.017247 main     Host RAM: 5934MB (5.7GB) total, 5488MB (5.3GB) available
00:00:00.017251 main     Executable: /usr/lib/virtualbox/VBoxSVC
00:00:00.017252 main     Process ID: 109834
00:00:00.017253 main     Package type: LINUX_64BITS_GENERIC (OSE)
00:00:00.019712 main     IPC socket path: /tmp/.vbox-lucas-ipc/ipcd
00:00:00.152758 nspr-2   VirtualBox: object creation starts
00:00:00.152898 nspr-2   Home directory: '/home/lucas/.config/VirtualBox'
00:00:00.167840 nspr-2   Loading settings file "/home/lucas/.config/VirtualBox/VirtualBox.xml" with version "1.12-linux"
00:00:00.207128 nspr-2   HostDnsMonitor: initializing
00:00:00.207397 nspr-2   NAT: resolv.conf: nameserver 10.0.0.2
00:00:00.207419 nspr-2   HostDnsMonitor: updating information
00:00:00.207451 nspr-2   HostDnsMonitor: old information
00:00:00.207460 nspr-2     no server entries
00:00:00.207469 nspr-2     no domain set
00:00:00.207476 nspr-2     no search string entries
00:00:00.207483 nspr-2   HostDnsMonitor: new information
00:00:00.207491 nspr-2     server 1: 10.0.0.2
00:00:00.207498 nspr-2     domain: WLAN_AP
00:00:00.207506 nspr-2     search string 1: WLAN_AP
00:00:00.290916 nspr-2   VD: VDInit finished with VINF_SUCCESS
00:00:00.331321 nspr-2   Loading settings file "/home/lucas/VirtualBox VMs/manjaro/manjaro.vbox" with version "1.16-linux"
00:00:00.333188 nspr-2   VirtualBox: object created
00:00:05.371080 main     VirtualBox: object deletion starts
00:00:05.371157 main     ERROR [COM]: aRC=VBOX_E_OBJECT_IN_USE (0x80bb000c) aIID={ad47ad09-787b-44ab-b343-a082a3f2dfb1} aComponent={MediumWrap} aText={Medium '/home/lucas/VirtualBox VMs/manjaro/manjaro.vdi' cannot be closed because it is still attached to 1 virtual machines}, preserve=false aResultDetail=0
00:00:05.371762 main     HostDnsMonitor: shutting down ...
00:00:05.380073 main     HostDnsMonitor: shut down
00:00:05.833976 Watcher  ERROR [COM]: aRC=E_ACCESSDENIED (0x80070005) aIID={d0a0163f-e254-4e5b-a1f2-011cf991c38d} aComponent={VirtualBoxWrap} aText={The object is not ready}, preserve=false aResultDetail=0
00:00:10.380175 main     {00007fc278016690} HostPowerServiceLinux::~HostPowerServiceLinux: RTThreadWait() for 5000 ms failed with VERR_TIMEOUT
00:00:10.390646 main     VirtualBox: object deleted
